c:\users\jae\desktop\roguelike\prog-4-roguelike-jaebjoo\checkpoint\debug\checkpoint.myform.resources
c:\users\jae\desktop\roguelike\prog-4-roguelike-jaebjoo\checkpoint\debug\vc142.pdb
c:\users\jae\desktop\roguelike\prog-4-roguelike-jaebjoo\checkpoint\debug\tileviewport.obj
c:\users\jae\desktop\roguelike\prog-4-roguelike-jaebjoo\checkpoint\debug\tilemap.obj
c:\users\jae\desktop\roguelike\prog-4-roguelike-jaebjoo\checkpoint\debug\tilelist.obj
c:\users\jae\desktop\roguelike\prog-4-roguelike-jaebjoo\checkpoint\debug\tile.obj
c:\users\jae\desktop\roguelike\prog-4-roguelike-jaebjoo\checkpoint\debug\test.obj
c:\users\jae\desktop\roguelike\prog-4-roguelike-jaebjoo\checkpoint\debug\superpotion.obj
c:\users\jae\desktop\roguelike\prog-4-roguelike-jaebjoo\checkpoint\debug\spritelist.obj
c:\users\jae\desktop\roguelike\prog-4-roguelike-jaebjoo\checkpoint\debug\sprite.obj
c:\users\jae\desktop\roguelike\prog-4-roguelike-jaebjoo\checkpoint\debug\screenmanager.obj
c:\users\jae\desktop\roguelike\prog-4-roguelike-jaebjoo\checkpoint\debug\roomlist.obj
c:\users\jae\desktop\roguelike\prog-4-roguelike-jaebjoo\checkpoint\debug\room.obj
c:\users\jae\desktop\roguelike\prog-4-roguelike-jaebjoo\checkpoint\debug\myform.obj
c:\users\jae\desktop\roguelike\prog-4-roguelike-jaebjoo\checkpoint\debug\itemlist.obj
c:\users\jae\desktop\roguelike\prog-4-roguelike-jaebjoo\checkpoint\debug\item.obj
c:\users\jae\desktop\roguelike\prog-4-roguelike-jaebjoo\checkpoint\debug\gamemanager.obj
c:\users\jae\desktop\roguelike\prog-4-roguelike-jaebjoo\checkpoint\debug\battlemanager.obj
c:\users\jae\desktop\roguelike\prog-4-roguelike-jaebjoo\checkpoint\debug\.netframework,version=v4.6.1.assemblyattributes.obj
c:\users\jae\desktop\roguelike\prog-4-roguelike-jaebjoo\checkpoint\debug\.netframework,version=v4.6.1.assemblyattributes.asm
c:\users\jae\desktop\roguelike\prog-4-roguelike-jaebjoo\checkpoint\debug\banana.obj
c:\users\jae\desktop\roguelike\prog-4-roguelike-jaebjoo\debug\checkpoint.exe
c:\users\jae\desktop\roguelike\prog-4-roguelike-jaebjoo\debug\checkpoint.pdb
c:\users\jae\desktop\roguelike\prog-4-roguelike-jaebjoo\checkpoint\debug\checkpoint.vcxproj.generateresource.cache
c:\users\jae\desktop\roguelike\prog-4-roguelike-jaebjoo\checkpoint\debug\checkpoint.vcxprojassemblyreference.cache
c:\users\jae\desktop\roguelike\prog-4-roguelike-jaebjoo\checkpoint\debug\vc141.pdb
c:\users\jae\desktop\roguelike\prog-4-roguelike-jaebjoo\checkpoint\debug\checkpoint.tlog\checkpoint.write.1u.tlog
c:\users\jae\desktop\roguelike\prog-4-roguelike-jaebjoo\checkpoint\debug\checkpoint.tlog\cl.command.1.tlog
c:\users\jae\desktop\roguelike\prog-4-roguelike-jaebjoo\checkpoint\debug\checkpoint.tlog\cl.read.1.tlog
c:\users\jae\desktop\roguelike\prog-4-roguelike-jaebjoo\checkpoint\debug\checkpoint.tlog\cl.write.1.tlog
c:\users\jae\desktop\roguelike\prog-4-roguelike-jaebjoo\checkpoint\debug\checkpoint.tlog\link.1044.delete.1.tlog
c:\users\jae\desktop\roguelike\prog-4-roguelike-jaebjoo\checkpoint\debug\checkpoint.tlog\link.10480.delete.1.tlog
c:\users\jae\desktop\roguelike\prog-4-roguelike-jaebjoo\checkpoint\debug\checkpoint.tlog\link.10500.delete.1.tlog
c:\users\jae\desktop\roguelike\prog-4-roguelike-jaebjoo\checkpoint\debug\checkpoint.tlog\link.1060.delete.1.tlog
c:\users\jae\desktop\roguelike\prog-4-roguelike-jaebjoo\checkpoint\debug\checkpoint.tlog\link.10712.delete.1.tlog
c:\users\jae\desktop\roguelike\prog-4-roguelike-jaebjoo\checkpoint\debug\checkpoint.tlog\link.10960.delete.1.tlog
c:\users\jae\desktop\roguelike\prog-4-roguelike-jaebjoo\checkpoint\debug\checkpoint.tlog\link.10972.delete.1.tlog
c:\users\jae\desktop\roguelike\prog-4-roguelike-jaebjoo\checkpoint\debug\checkpoint.tlog\link.11160.delete.1.tlog
c:\users\jae\desktop\roguelike\prog-4-roguelike-jaebjoo\checkpoint\debug\checkpoint.tlog\link.11468.delete.1.tlog
c:\users\jae\desktop\roguelike\prog-4-roguelike-jaebjoo\checkpoint\debug\checkpoint.tlog\link.11720.delete.1.tlog
c:\users\jae\desktop\roguelike\prog-4-roguelike-jaebjoo\checkpoint\debug\checkpoint.tlog\link.11932.delete.1.tlog
c:\users\jae\desktop\roguelike\prog-4-roguelike-jaebjoo\checkpoint\debug\checkpoint.tlog\link.12060.delete.1.tlog
c:\users\jae\desktop\roguelike\prog-4-roguelike-jaebjoo\checkpoint\debug\checkpoint.tlog\link.12260.delete.1.tlog
c:\users\jae\desktop\roguelike\prog-4-roguelike-jaebjoo\checkpoint\debug\checkpoint.tlog\link.12296.delete.1.tlog
c:\users\jae\desktop\roguelike\prog-4-roguelike-jaebjoo\checkpoint\debug\checkpoint.tlog\link.12564.delete.1.tlog
c:\users\jae\desktop\roguelike\prog-4-roguelike-jaebjoo\checkpoint\debug\checkpoint.tlog\link.12676.delete.1.tlog
c:\users\jae\desktop\roguelike\prog-4-roguelike-jaebjoo\checkpoint\debug\checkpoint.tlog\link.12832.delete.1.tlog
c:\users\jae\desktop\roguelike\prog-4-roguelike-jaebjoo\checkpoint\debug\checkpoint.tlog\link.12996.delete.1.tlog
c:\users\jae\desktop\roguelike\prog-4-roguelike-jaebjoo\checkpoint\debug\checkpoint.tlog\link.13112.delete.1.tlog
c:\users\jae\desktop\roguelike\prog-4-roguelike-jaebjoo\checkpoint\debug\checkpoint.tlog\link.13168.delete.1.tlog
c:\users\jae\desktop\roguelike\prog-4-roguelike-jaebjoo\checkpoint\debug\checkpoint.tlog\link.13216.delete.1.tlog
c:\users\jae\desktop\roguelike\prog-4-roguelike-jaebjoo\checkpoint\debug\checkpoint.tlog\link.13360.delete.1.tlog
c:\users\jae\desktop\roguelike\prog-4-roguelike-jaebjoo\checkpoint\debug\checkpoint.tlog\link.13432.delete.1.tlog
c:\users\jae\desktop\roguelike\prog-4-roguelike-jaebjoo\checkpoint\debug\checkpoint.tlog\link.13564.delete.1.tlog
c:\users\jae\desktop\roguelike\prog-4-roguelike-jaebjoo\checkpoint\debug\checkpoint.tlog\link.13676.delete.1.tlog
c:\users\jae\desktop\roguelike\prog-4-roguelike-jaebjoo\checkpoint\debug\checkpoint.tlog\link.13972.delete.1.tlog
c:\users\jae\desktop\roguelike\prog-4-roguelike-jaebjoo\checkpoint\debug\checkpoint.tlog\link.14060.delete.1.tlog
c:\users\jae\desktop\roguelike\prog-4-roguelike-jaebjoo\checkpoint\debug\checkpoint.tlog\link.14116.delete.1.tlog
c:\users\jae\desktop\roguelike\prog-4-roguelike-jaebjoo\checkpoint\debug\checkpoint.tlog\link.14176.delete.1.tlog
c:\users\jae\desktop\roguelike\prog-4-roguelike-jaebjoo\checkpoint\debug\checkpoint.tlog\link.14324.delete.1.tlog
c:\users\jae\desktop\roguelike\prog-4-roguelike-jaebjoo\checkpoint\debug\checkpoint.tlog\link.176.delete.1.tlog
c:\users\jae\desktop\roguelike\prog-4-roguelike-jaebjoo\checkpoint\debug\checkpoint.tlog\link.1824.delete.1.tlog
c:\users\jae\desktop\roguelike\prog-4-roguelike-jaebjoo\checkpoint\debug\checkpoint.tlog\link.1880.delete.1.tlog
c:\users\jae\desktop\roguelike\prog-4-roguelike-jaebjoo\checkpoint\debug\checkpoint.tlog\link.2328.delete.1.tlog
c:\users\jae\desktop\roguelike\prog-4-roguelike-jaebjoo\checkpoint\debug\checkpoint.tlog\link.2420.delete.1.tlog
c:\users\jae\desktop\roguelike\prog-4-roguelike-jaebjoo\checkpoint\debug\checkpoint.tlog\link.2816.delete.1.tlog
c:\users\jae\desktop\roguelike\prog-4-roguelike-jaebjoo\checkpoint\debug\checkpoint.tlog\link.2984.delete.1.tlog
c:\users\jae\desktop\roguelike\prog-4-roguelike-jaebjoo\checkpoint\debug\checkpoint.tlog\link.3456.delete.1.tlog
c:\users\jae\desktop\roguelike\prog-4-roguelike-jaebjoo\checkpoint\debug\checkpoint.tlog\link.4564.delete.1.tlog
c:\users\jae\desktop\roguelike\prog-4-roguelike-jaebjoo\checkpoint\debug\checkpoint.tlog\link.5296.delete.1.tlog
c:\users\jae\desktop\roguelike\prog-4-roguelike-jaebjoo\checkpoint\debug\checkpoint.tlog\link.6476.delete.1.tlog
c:\users\jae\desktop\roguelike\prog-4-roguelike-jaebjoo\checkpoint\debug\checkpoint.tlog\link.6588.delete.1.tlog
c:\users\jae\desktop\roguelike\prog-4-roguelike-jaebjoo\checkpoint\debug\checkpoint.tlog\link.6664.delete.1.tlog
c:\users\jae\desktop\roguelike\prog-4-roguelike-jaebjoo\checkpoint\debug\checkpoint.tlog\link.6788.delete.1.tlog
c:\users\jae\desktop\roguelike\prog-4-roguelike-jaebjoo\checkpoint\debug\checkpoint.tlog\link.6832.delete.1.tlog
c:\users\jae\desktop\roguelike\prog-4-roguelike-jaebjoo\checkpoint\debug\checkpoint.tlog\link.7032.delete.1.tlog
c:\users\jae\desktop\roguelike\prog-4-roguelike-jaebjoo\checkpoint\debug\checkpoint.tlog\link.7128.delete.1.tlog
c:\users\jae\desktop\roguelike\prog-4-roguelike-jaebjoo\checkpoint\debug\checkpoint.tlog\link.7132.delete.1.tlog
c:\users\jae\desktop\roguelike\prog-4-roguelike-jaebjoo\checkpoint\debug\checkpoint.tlog\link.7172.delete.1.tlog
c:\users\jae\desktop\roguelike\prog-4-roguelike-jaebjoo\checkpoint\debug\checkpoint.tlog\link.7332.delete.1.tlog
c:\users\jae\desktop\roguelike\prog-4-roguelike-jaebjoo\checkpoint\debug\checkpoint.tlog\link.7352.delete.1.tlog
c:\users\jae\desktop\roguelike\prog-4-roguelike-jaebjoo\checkpoint\debug\checkpoint.tlog\link.7356.delete.1.tlog
c:\users\jae\desktop\roguelike\prog-4-roguelike-jaebjoo\checkpoint\debug\checkpoint.tlog\link.7508.delete.1.tlog
c:\users\jae\desktop\roguelike\prog-4-roguelike-jaebjoo\checkpoint\debug\checkpoint.tlog\link.7584.delete.1.tlog
c:\users\jae\desktop\roguelike\prog-4-roguelike-jaebjoo\checkpoint\debug\checkpoint.tlog\link.7688.delete.1.tlog
c:\users\jae\desktop\roguelike\prog-4-roguelike-jaebjoo\checkpoint\debug\checkpoint.tlog\link.7724.delete.1.tlog
c:\users\jae\desktop\roguelike\prog-4-roguelike-jaebjoo\checkpoint\debug\checkpoint.tlog\link.7760.delete.1.tlog
c:\users\jae\desktop\roguelike\prog-4-roguelike-jaebjoo\checkpoint\debug\checkpoint.tlog\link.7804.delete.1.tlog
c:\users\jae\desktop\roguelike\prog-4-roguelike-jaebjoo\checkpoint\debug\checkpoint.tlog\link.7984.delete.1.tlog
c:\users\jae\desktop\roguelike\prog-4-roguelike-jaebjoo\checkpoint\debug\checkpoint.tlog\link.8144.delete.1.tlog
c:\users\jae\desktop\roguelike\prog-4-roguelike-jaebjoo\checkpoint\debug\checkpoint.tlog\link.8152.delete.1.tlog
c:\users\jae\desktop\roguelike\prog-4-roguelike-jaebjoo\checkpoint\debug\checkpoint.tlog\link.9168.delete.1.tlog
c:\users\jae\desktop\roguelike\prog-4-roguelike-jaebjoo\checkpoint\debug\checkpoint.tlog\link.9300.delete.1.tlog
c:\users\jae\desktop\roguelike\prog-4-roguelike-jaebjoo\checkpoint\debug\checkpoint.tlog\link.9572.delete.1.tlog
c:\users\jae\desktop\roguelike\prog-4-roguelike-jaebjoo\checkpoint\debug\checkpoint.tlog\link.9632.delete.1.tlog
c:\users\jae\desktop\roguelike\prog-4-roguelike-jaebjoo\checkpoint\debug\checkpoint.tlog\link.968.delete.1.tlog
c:\users\jae\desktop\roguelike\prog-4-roguelike-jaebjoo\checkpoint\debug\checkpoint.tlog\link.9792.delete.1.tlog
c:\users\jae\desktop\roguelike\prog-4-roguelike-jaebjoo\checkpoint\debug\checkpoint.tlog\link.command.1.tlog
c:\users\jae\desktop\roguelike\prog-4-roguelike-jaebjoo\checkpoint\debug\checkpoint.tlog\link.read.1.tlog
c:\users\jae\desktop\roguelike\prog-4-roguelike-jaebjoo\checkpoint\debug\checkpoint.tlog\link.write.1.tlog
c:\users\jae\desktop\roguelike\prog-4-roguelike-jaebjoo\checkpoint\debug\checkpoint.tlog\metagen.read.1.tlog
c:\users\jae\desktop\roguelike\prog-4-roguelike-jaebjoo\checkpoint\debug\checkpoint.tlog\metagen.write.1.tlog
